<?xml version="1.0" encoding="UTF-8"?>
<!-- Generated by org.testng.reporters.JUnitXMLReporter -->
<testsuite ignored="0" hostname="DESKTOP-PP8RICL" failures="0" tests="3" name="Test" time="39.336" errors="0" timestamp="2024-10-28T06:12:25 BDT">
  <testcase classname="testCases.TC001_VerifyLoginWithLockedOutUser" name="verifyLoginWithLockedOutUser" time="0.603"/>
  <testcase classname="testCases.TC002_VerifyPurchaseJourneyWithStandardUser" name="verifyPurchaseJourneyWithStandardUser" time="3.295"/>
  <testcase classname="testCases.TC003_VerifyPurchaseJourneyWithPerformanceGlitchUser" name="verifyPurchaseJourneyWithPerformanceGlitchUser_TC003" time="22.583"/>
</testsuite> <!-- Test -->
