<?xml version="1.0" encoding="UTF-8"?>
<!-- Generated by org.testng.reporters.JUnitXMLReporter -->
<testsuite ignored="0" hostname="DESKTOP-PP8RICL" failures="0" tests="3" name="Test" time="46.612" errors="0" timestamp="2024-10-31T22:11:12 BDT">
  <testcase classname="testCases.TC001_VerifyLoginWithLockedOutUser" name="verifyLoginWithLockedOutUser_TC001" time="0.477"/>
  <testcase classname="testCases.TC002_VerifyPurchaseJourneyWithStandardUser" name="verifyPurchaseJourneyWithStandardUser_TC002" time="2.894"/>
  <testcase classname="testCases.TC003_VerifyPurchaseJourneyWithPerformanceGlitchUser" name="verifyPurchaseJourneyWithPerformanceGlitchUser_TC003" time="27.36"/>
</testsuite> <!-- Test -->
