<?xml version="1.0" encoding="UTF-8"?>
<testng-results ignored="0" total="3" passed="3" failed="0" skipped="0">
  <reporter-output>
  </reporter-output>
  <suite started-at="2024-10-28T06:11:44 BDT" name="Master Suite" finished-at="2024-10-28T06:12:24 BDT" duration-ms="39336">
    <groups>
      <group name="Functional">
        <method signature="TC001_VerifyLoginWithLockedOutUser.verifyLoginWithLockedOutUser()[pri:0, instance:testCases.TC001_VerifyLoginWithLockedOutUser@61544ae6]" name="verifyLoginWithLockedOutUser" class="testCases.TC001_VerifyLoginWithLockedOutUser"/>
        <method signature="TC002_VerifyPurchaseJourneyWithStandardUser.verifyPurchaseJourneyWithStandardUser()[pri:0, instance:testCases.TC002_VerifyPurchaseJourneyWithStandardUser@56928307]" name="verifyPurchaseJourneyWithStandardUser" class="testCases.TC002_VerifyPurchaseJourneyWithStandardUser"/>
        <method signature="TC003_VerifyPurchaseJourneyWithPerformanceGlitchUser.verifyPurchaseJourneyWithPerformanceGlitchUser_TC003()[pri:0, instance:testCases.TC003_VerifyPurchaseJourneyWithPerformanceGlitchUser@3899782c]" name="verifyPurchaseJourneyWithPerformanceGlitchUser_TC003" class="testCases.TC003_VerifyPurchaseJourneyWithPerformanceGlitchUser"/>
      </group> <!-- Functional -->
      <group name="Sanity">
        <method signature="TC001_VerifyLoginWithLockedOutUser.verifyLoginWithLockedOutUser()[pri:0, instance:testCases.TC001_VerifyLoginWithLockedOutUser@61544ae6]" name="verifyLoginWithLockedOutUser" class="testCases.TC001_VerifyLoginWithLockedOutUser"/>
      </group> <!-- Sanity -->
      <group name="EndToEnd">
        <method signature="TC002_VerifyPurchaseJourneyWithStandardUser.verifyPurchaseJourneyWithStandardUser()[pri:0, instance:testCases.TC002_VerifyPurchaseJourneyWithStandardUser@56928307]" name="verifyPurchaseJourneyWithStandardUser" class="testCases.TC002_VerifyPurchaseJourneyWithStandardUser"/>
        <method signature="TC003_VerifyPurchaseJourneyWithPerformanceGlitchUser.verifyPurchaseJourneyWithPerformanceGlitchUser_TC003()[pri:0, instance:testCases.TC003_VerifyPurchaseJourneyWithPerformanceGlitchUser@3899782c]" name="verifyPurchaseJourneyWithPerformanceGlitchUser_TC003" class="testCases.TC003_VerifyPurchaseJourneyWithPerformanceGlitchUser"/>
      </group> <!-- EndToEnd -->
      <group name="Regression">
        <method signature="TC001_VerifyLoginWithLockedOutUser.verifyLoginWithLockedOutUser()[pri:0, instance:testCases.TC001_VerifyLoginWithLockedOutUser@61544ae6]" name="verifyLoginWithLockedOutUser" class="testCases.TC001_VerifyLoginWithLockedOutUser"/>
        <method signature="TC002_VerifyPurchaseJourneyWithStandardUser.verifyPurchaseJourneyWithStandardUser()[pri:0, instance:testCases.TC002_VerifyPurchaseJourneyWithStandardUser@56928307]" name="verifyPurchaseJourneyWithStandardUser" class="testCases.TC002_VerifyPurchaseJourneyWithStandardUser"/>
        <method signature="TC003_VerifyPurchaseJourneyWithPerformanceGlitchUser.verifyPurchaseJourneyWithPerformanceGlitchUser_TC003()[pri:0, instance:testCases.TC003_VerifyPurchaseJourneyWithPerformanceGlitchUser@3899782c]" name="verifyPurchaseJourneyWithPerformanceGlitchUser_TC003" class="testCases.TC003_VerifyPurchaseJourneyWithPerformanceGlitchUser"/>
      </group> <!-- Regression -->
    </groups>
    <test started-at="2024-10-28T06:11:44 BDT" name="Test" finished-at="2024-10-28T06:12:24 BDT" duration-ms="39336">
      <class name="testCases.TC002_VerifyPurchaseJourneyWithStandardUser">
        <test-method is-config="true" signature="setup(java.lang.String,java.lang.String)[pri:0, instance:testCases.TC002_VerifyPurchaseJourneyWithStandardUser@56928307]" started-at="2024-10-28T06:11:53 BDT" name="setup" finished-at="2024-10-28T06:11:55 BDT" duration-ms="2048" status="PASS">
          <params>
            <param index="0">
              <value>
                <![CDATA[Windows]]>
              </value>
            </param>
            <param index="1">
              <value>
                <![CDATA[chrome]]>
              </value>
            </param>
          </params>
          <reporter-output>
          </reporter-output>
        </test-method> <!-- setup -->
        <test-method signature="verifyPurchaseJourneyWithStandardUser()[pri:0, instance:testCases.TC002_VerifyPurchaseJourneyWithStandardUser@56928307]" started-at="2024-10-28T06:11:55 BDT" name="verifyPurchaseJourneyWithStandardUser" description="Verify end-to-end purchase journey with standard user." finished-at="2024-10-28T06:11:58 BDT" duration-ms="3295" status="PASS">
          <reporter-output>
          </reporter-output>
        </test-method> <!-- verifyPurchaseJourneyWithStandardUser -->
        <test-method is-config="true" signature="tearDown()[pri:0, instance:testCases.TC002_VerifyPurchaseJourneyWithStandardUser@56928307]" started-at="2024-10-28T06:11:58 BDT" name="tearDown" finished-at="2024-10-28T06:11:59 BDT" duration-ms="240" status="PASS">
          <reporter-output>
          </reporter-output>
        </test-method> <!-- tearDown -->
      </class> <!-- testCases.TC002_VerifyPurchaseJourneyWithStandardUser -->
      <class name="testCases.TC001_VerifyLoginWithLockedOutUser">
        <test-method is-config="true" signature="setup(java.lang.String,java.lang.String)[pri:0, instance:testCases.TC001_VerifyLoginWithLockedOutUser@61544ae6]" started-at="2024-10-28T06:11:45 BDT" name="setup" finished-at="2024-10-28T06:11:52 BDT" duration-ms="7482" status="PASS">
          <params>
            <param index="0">
              <value>
                <![CDATA[Windows]]>
              </value>
            </param>
            <param index="1">
              <value>
                <![CDATA[chrome]]>
              </value>
            </param>
          </params>
          <reporter-output>
          </reporter-output>
        </test-method> <!-- setup -->
        <test-method signature="verifyLoginWithLockedOutUser()[pri:0, instance:testCases.TC001_VerifyLoginWithLockedOutUser@61544ae6]" started-at="2024-10-28T06:11:52 BDT" name="verifyLoginWithLockedOutUser" description="Verifies that a locked-out user sees the correct error message." finished-at="2024-10-28T06:11:53 BDT" duration-ms="603" status="PASS">
          <reporter-output>
          </reporter-output>
        </test-method> <!-- verifyLoginWithLockedOutUser -->
        <test-method is-config="true" signature="tearDown()[pri:0, instance:testCases.TC001_VerifyLoginWithLockedOutUser@61544ae6]" started-at="2024-10-28T06:11:53 BDT" name="tearDown" finished-at="2024-10-28T06:11:53 BDT" duration-ms="332" status="PASS">
          <reporter-output>
          </reporter-output>
        </test-method> <!-- tearDown -->
      </class> <!-- testCases.TC001_VerifyLoginWithLockedOutUser -->
      <class name="testCases.TC003_VerifyPurchaseJourneyWithPerformanceGlitchUser">
        <test-method is-config="true" signature="setup(java.lang.String,java.lang.String)[pri:0, instance:testCases.TC003_VerifyPurchaseJourneyWithPerformanceGlitchUser@3899782c]" started-at="2024-10-28T06:11:59 BDT" name="setup" finished-at="2024-10-28T06:12:01 BDT" duration-ms="2174" status="PASS">
          <params>
            <param index="0">
              <value>
                <![CDATA[Windows]]>
              </value>
            </param>
            <param index="1">
              <value>
                <![CDATA[chrome]]>
              </value>
            </param>
          </params>
          <reporter-output>
          </reporter-output>
        </test-method> <!-- setup -->
        <test-method signature="verifyPurchaseJourneyWithPerformanceGlitchUser_TC003()[pri:0, instance:testCases.TC003_VerifyPurchaseJourneyWithPerformanceGlitchUser@3899782c]" started-at="2024-10-28T06:12:01 BDT" name="verifyPurchaseJourneyWithPerformanceGlitchUser_TC003" description="Verify end-to-end purchase journey with Performance Glitch User." finished-at="2024-10-28T06:12:23 BDT" duration-ms="22583" status="PASS">
          <reporter-output>
          </reporter-output>
        </test-method> <!-- verifyPurchaseJourneyWithPerformanceGlitchUser_TC003 -->
        <test-method is-config="true" signature="tearDown()[pri:0, instance:testCases.TC003_VerifyPurchaseJourneyWithPerformanceGlitchUser@3899782c]" started-at="2024-10-28T06:12:23 BDT" name="tearDown" finished-at="2024-10-28T06:12:24 BDT" duration-ms="192" status="PASS">
          <reporter-output>
          </reporter-output>
        </test-method> <!-- tearDown -->
      </class> <!-- testCases.TC003_VerifyPurchaseJourneyWithPerformanceGlitchUser -->
    </test> <!-- Test -->
  </suite> <!-- Master Suite -->
</testng-results>
