<?xml version="1.0" encoding="UTF-8"?>
<testng-results ignored="0" total="3" passed="3" failed="0" skipped="0">
  <reporter-output>
  </reporter-output>
  <suite started-at="2024-10-30T22:20:14 BDT" name="Grouping Suite" finished-at="2024-10-30T22:20:54 BDT" duration-ms="40023">
    <groups>
      <group name="Master">
        <method signature="TC001_VerifyLoginWithLockedOutUser.verifyLoginWithLockedOutUser_TC001()[pri:0, instance:testCases.TC001_VerifyLoginWithLockedOutUser@5b11a194]" name="verifyLoginWithLockedOutUser_TC001" class="testCases.TC001_VerifyLoginWithLockedOutUser"/>
        <method signature="TC002_VerifyPurchaseJourneyWithStandardUser.verifyPurchaseJourneyWithStandardUser_TC002()[pri:0, instance:testCases.TC002_VerifyPurchaseJourneyWithStandardUser@45cff11c]" name="verifyPurchaseJourneyWithStandardUser_TC002" class="testCases.TC002_VerifyPurchaseJourneyWithStandardUser"/>
        <method signature="TC003_VerifyPurchaseJourneyWithPerformanceGlitchUser.verifyPurchaseJourneyWithPerformanceGlitchUser_TC003()[pri:0, instance:testCases.TC003_VerifyPurchaseJourneyWithPerformanceGlitchUser@207ea13]" name="verifyPurchaseJourneyWithPerformanceGlitchUser_TC003" class="testCases.TC003_VerifyPurchaseJourneyWithPerformanceGlitchUser"/>
      </group> <!-- Master -->
      <group name="Functional">
        <method signature="TC001_VerifyLoginWithLockedOutUser.verifyLoginWithLockedOutUser_TC001()[pri:0, instance:testCases.TC001_VerifyLoginWithLockedOutUser@5b11a194]" name="verifyLoginWithLockedOutUser_TC001" class="testCases.TC001_VerifyLoginWithLockedOutUser"/>
        <method signature="TC002_VerifyPurchaseJourneyWithStandardUser.verifyPurchaseJourneyWithStandardUser_TC002()[pri:0, instance:testCases.TC002_VerifyPurchaseJourneyWithStandardUser@45cff11c]" name="verifyPurchaseJourneyWithStandardUser_TC002" class="testCases.TC002_VerifyPurchaseJourneyWithStandardUser"/>
        <method signature="TC003_VerifyPurchaseJourneyWithPerformanceGlitchUser.verifyPurchaseJourneyWithPerformanceGlitchUser_TC003()[pri:0, instance:testCases.TC003_VerifyPurchaseJourneyWithPerformanceGlitchUser@207ea13]" name="verifyPurchaseJourneyWithPerformanceGlitchUser_TC003" class="testCases.TC003_VerifyPurchaseJourneyWithPerformanceGlitchUser"/>
      </group> <!-- Functional -->
      <group name="Sanity">
        <method signature="TC001_VerifyLoginWithLockedOutUser.verifyLoginWithLockedOutUser_TC001()[pri:0, instance:testCases.TC001_VerifyLoginWithLockedOutUser@5b11a194]" name="verifyLoginWithLockedOutUser_TC001" class="testCases.TC001_VerifyLoginWithLockedOutUser"/>
      </group> <!-- Sanity -->
      <group name="EndToEnd">
        <method signature="TC002_VerifyPurchaseJourneyWithStandardUser.verifyPurchaseJourneyWithStandardUser_TC002()[pri:0, instance:testCases.TC002_VerifyPurchaseJourneyWithStandardUser@45cff11c]" name="verifyPurchaseJourneyWithStandardUser_TC002" class="testCases.TC002_VerifyPurchaseJourneyWithStandardUser"/>
        <method signature="TC003_VerifyPurchaseJourneyWithPerformanceGlitchUser.verifyPurchaseJourneyWithPerformanceGlitchUser_TC003()[pri:0, instance:testCases.TC003_VerifyPurchaseJourneyWithPerformanceGlitchUser@207ea13]" name="verifyPurchaseJourneyWithPerformanceGlitchUser_TC003" class="testCases.TC003_VerifyPurchaseJourneyWithPerformanceGlitchUser"/>
      </group> <!-- EndToEnd -->
      <group name="Regression">
        <method signature="TC001_VerifyLoginWithLockedOutUser.verifyLoginWithLockedOutUser_TC001()[pri:0, instance:testCases.TC001_VerifyLoginWithLockedOutUser@5b11a194]" name="verifyLoginWithLockedOutUser_TC001" class="testCases.TC001_VerifyLoginWithLockedOutUser"/>
        <method signature="TC002_VerifyPurchaseJourneyWithStandardUser.verifyPurchaseJourneyWithStandardUser_TC002()[pri:0, instance:testCases.TC002_VerifyPurchaseJourneyWithStandardUser@45cff11c]" name="verifyPurchaseJourneyWithStandardUser_TC002" class="testCases.TC002_VerifyPurchaseJourneyWithStandardUser"/>
        <method signature="TC003_VerifyPurchaseJourneyWithPerformanceGlitchUser.verifyPurchaseJourneyWithPerformanceGlitchUser_TC003()[pri:0, instance:testCases.TC003_VerifyPurchaseJourneyWithPerformanceGlitchUser@207ea13]" name="verifyPurchaseJourneyWithPerformanceGlitchUser_TC003" class="testCases.TC003_VerifyPurchaseJourneyWithPerformanceGlitchUser"/>
      </group> <!-- Regression -->
    </groups>
    <test started-at="2024-10-30T22:20:14 BDT" name="Test" finished-at="2024-10-30T22:20:54 BDT" duration-ms="40023">
      <class name="testCases.TC002_VerifyPurchaseJourneyWithStandardUser">
        <test-method is-config="true" signature="setup(java.lang.String,java.lang.String)[pri:0, instance:testCases.TC002_VerifyPurchaseJourneyWithStandardUser@45cff11c]" started-at="2024-10-30T22:20:18 BDT" name="setup" finished-at="2024-10-30T22:20:20 BDT" duration-ms="2100" status="PASS">
          <params>
            <param index="0">
              <value>
                <![CDATA[Windows]]>
              </value>
            </param>
            <param index="1">
              <value>
                <![CDATA[chrome]]>
              </value>
            </param>
          </params>
          <reporter-output>
          </reporter-output>
        </test-method> <!-- setup -->
        <test-method signature="verifyPurchaseJourneyWithStandardUser_TC002()[pri:0, instance:testCases.TC002_VerifyPurchaseJourneyWithStandardUser@45cff11c]" started-at="2024-10-30T22:20:20 BDT" name="verifyPurchaseJourneyWithStandardUser_TC002" description="Verify end-to-end purchase journey with standard user." finished-at="2024-10-30T22:20:22 BDT" duration-ms="2447" status="PASS">
          <reporter-output>
          </reporter-output>
        </test-method> <!-- verifyPurchaseJourneyWithStandardUser_TC002 -->
        <test-method is-config="true" signature="tearDown()[pri:0, instance:testCases.TC002_VerifyPurchaseJourneyWithStandardUser@45cff11c]" started-at="2024-10-30T22:20:22 BDT" name="tearDown" finished-at="2024-10-30T22:20:23 BDT" duration-ms="206" status="PASS">
          <reporter-output>
          </reporter-output>
        </test-method> <!-- tearDown -->
      </class> <!-- testCases.TC002_VerifyPurchaseJourneyWithStandardUser -->
      <class name="testCases.TC001_VerifyLoginWithLockedOutUser">
        <test-method is-config="true" signature="setup(java.lang.String,java.lang.String)[pri:0, instance:testCases.TC001_VerifyLoginWithLockedOutUser@5b11a194]" started-at="2024-10-30T22:20:14 BDT" name="setup" finished-at="2024-10-30T22:20:17 BDT" duration-ms="3146" status="PASS">
          <params>
            <param index="0">
              <value>
                <![CDATA[Windows]]>
              </value>
            </param>
            <param index="1">
              <value>
                <![CDATA[chrome]]>
              </value>
            </param>
          </params>
          <reporter-output>
          </reporter-output>
        </test-method> <!-- setup -->
        <test-method signature="verifyLoginWithLockedOutUser_TC001()[pri:0, instance:testCases.TC001_VerifyLoginWithLockedOutUser@5b11a194]" started-at="2024-10-30T22:20:17 BDT" name="verifyLoginWithLockedOutUser_TC001" description="Verifies that a locked-out user sees the correct error message." finished-at="2024-10-30T22:20:18 BDT" duration-ms="434" status="PASS">
          <reporter-output>
          </reporter-output>
        </test-method> <!-- verifyLoginWithLockedOutUser_TC001 -->
        <test-method is-config="true" signature="tearDown()[pri:0, instance:testCases.TC001_VerifyLoginWithLockedOutUser@5b11a194]" started-at="2024-10-30T22:20:18 BDT" name="tearDown" finished-at="2024-10-30T22:20:18 BDT" duration-ms="276" status="PASS">
          <reporter-output>
          </reporter-output>
        </test-method> <!-- tearDown -->
      </class> <!-- testCases.TC001_VerifyLoginWithLockedOutUser -->
      <class name="testCases.TC003_VerifyPurchaseJourneyWithPerformanceGlitchUser">
        <test-method is-config="true" signature="setup(java.lang.String,java.lang.String)[pri:0, instance:testCases.TC003_VerifyPurchaseJourneyWithPerformanceGlitchUser@207ea13]" started-at="2024-10-30T22:20:23 BDT" name="setup" finished-at="2024-10-30T22:20:26 BDT" duration-ms="3669" status="PASS">
          <params>
            <param index="0">
              <value>
                <![CDATA[Windows]]>
              </value>
            </param>
            <param index="1">
              <value>
                <![CDATA[chrome]]>
              </value>
            </param>
          </params>
          <reporter-output>
          </reporter-output>
        </test-method> <!-- setup -->
        <test-method signature="verifyPurchaseJourneyWithPerformanceGlitchUser_TC003()[pri:0, instance:testCases.TC003_VerifyPurchaseJourneyWithPerformanceGlitchUser@207ea13]" started-at="2024-10-30T22:20:26 BDT" name="verifyPurchaseJourneyWithPerformanceGlitchUser_TC003" description="Verify end-to-end purchase journey with Performance Glitch User." finished-at="2024-10-30T22:20:53 BDT" duration-ms="27195" status="PASS">
          <reporter-output>
          </reporter-output>
        </test-method> <!-- verifyPurchaseJourneyWithPerformanceGlitchUser_TC003 -->
        <test-method is-config="true" signature="tearDown()[pri:0, instance:testCases.TC003_VerifyPurchaseJourneyWithPerformanceGlitchUser@207ea13]" started-at="2024-10-30T22:20:53 BDT" name="tearDown" finished-at="2024-10-30T22:20:54 BDT" duration-ms="198" status="PASS">
          <reporter-output>
          </reporter-output>
        </test-method> <!-- tearDown -->
      </class> <!-- testCases.TC003_VerifyPurchaseJourneyWithPerformanceGlitchUser -->
    </test> <!-- Test -->
  </suite> <!-- Grouping Suite -->
</testng-results>
